<?xml version="1.0" encoding="UTF-8"?>
<!-- Generated by org.testng.reporters.JUnitReportReporter -->
<testsuite skipped="0" hostname="genedarchasMBP3" name="AmazonTestNG" tests="1" failures="0" timestamp="07 Sep 2018 10:58:58 GMT" time="6.762" errors="0">
  <testcase name="testNG123" time="6.762" classname="AmazonTestNG"/>
</testsuite> <!-- AmazonTestNG -->
